android/.release-build-v8/_capgo-capacitor-social-login/outputs/logs/manifest-merger-release-report.txt
-- Merging decision tree log ---
manifest
ADDED from src\main\AndroidManifest.xml:1:1-21:12
INJECTED from src\main\AndroidManifest.xml:1:1-21:12
	package
		INJECTED from src\main\AndroidManifest.xml
	xmlns:tools
		ADDED from src\main\AndroidManifest.xml:2:5-51
	xmlns:android
		ADDED from src\main\AndroidManifest.xml:1:11-69
uses-permission#android.permission.USE_CREDENTIALS
ADDED from src\main\AndroidManifest.xml:3:5-74
	android:name
		ADDED from src\main\AndroidManifest.xml:3:22-71
uses-permission#android.permission.INTERNET
ADDED from src\main\AndroidManifest.xml:4:5-66
	android:name
		ADDED from src\main\AndroidManifest.xml:4:22-64
application
ADDED from src\main\AndroidManifest.xml:6:5-20:19
provider#com.facebook.internal.FacebookInitProvider
ADDED from src\main\AndroidManifest.xml:7:9-11:35
	tools:node
		ADDED from src\main\AndroidManifest.xml:11:13-32
	android:authorities
		ADDED from src\main\AndroidManifest.xml:9:13-72
	android:exported
		ADDED from src\main\AndroidManifest.xml:10:13-37
	android:name
		ADDED from src\main\AndroidManifest.xml:8:13-70
activity#ee.forgr.capacitor.social.login.TwitterLoginActivity
ADDED from src\main\AndroidManifest.xml:12:9-15:84
	android:exported
		ADDED from src\main\AndroidManifest.xml:14:13-37
	android:theme
		ADDED from src\main\AndroidManifest.xml:15:13-81
	android:name
		ADDED from src\main\AndroidManifest.xml:13:13-80
activity#ee.forgr.capacitor.social.login.OAuth2LoginActivity
ADDED from src\main\AndroidManifest.xml:16:9-19:84
	android:exported
		ADDED from src\main\AndroidManifest.xml:18:13-37
	android:theme
		ADDED from src\main\AndroidManifest.xml:19:13-81
	android:name
		ADDED from src\main\AndroidManifest.xml:17:13-79
uses-sdk
INJECTED from src\main\AndroidManifest.xml reason: use-sdk injection requested
INJECTED from src\main\AndroidManifest.xml
INJECTED from src\main\AndroidManifest.xml
	android:targetSdkVersion
		INJECTED from src\main\AndroidManifest.xml
	android:minSdkVersion
		INJECTED from src\main\AndroidManifest.xml